<?xml version="1.0" encoding="UTF-8"?>
<!-- Generated by org.testng.reporters.JUnitReportReporter -->
<testsuite hostname="LAPTOP-O04QCH21" failures="0" tests="1" name="batchTest.PostBatche" time="0.606" errors="0" timestamp="2023-01-16T12:58:28 EST" skipped="0">
  <testcase classname="batchTest.PostBatche" name="storeData" time="0.606"/>
  <system-out/>
</testsuite> <!-- batchTest.PostBatche -->
