<?xml version="1.0" encoding="UTF-8"?>
<!-- Generated by org.testng.reporters.JUnitReportReporter -->
<testsuite hostname="LAPTOP-O04QCH21" failures="0" tests="1" name="programsTest.GetProgramNameByID" time="1.412" errors="0" timestamp="2023-01-16T12:58:27 EST" skipped="0">
  <testcase classname="programsTest.GetProgramNameByID" name="programbyID" time="1.412"/>
  <system-out/>
</testsuite> <!-- programsTest.GetProgramNameByID -->
