<?xml version="1.0" encoding="UTF-8"?>
<!-- Generated by org.testng.reporters.JUnitReportReporter -->
<testsuite hostname="LAPTOP-O04QCH21" failures="0" tests="1" name="batchTest.DeleteBatchById" time="0.311" errors="0" timestamp="2023-01-16T12:58:28 EST" skipped="0">
  <testcase classname="batchTest.DeleteBatchById" name="deletebyBatchIDRequest" time="0.311"/>
  <system-out/>
</testsuite> <!-- batchTest.DeleteBatchById -->
