<?xml version="1.0" encoding="UTF-8"?>
<!-- Generated by org.testng.reporters.JUnitReportReporter -->
<testsuite hostname="LAPTOP-O04QCH21" failures="0" tests="1" name="programsTest.GetAllPrograms" time="3.663" errors="0" timestamp="2023-01-16T13:11:32 EST" skipped="0">
  <testcase classname="programsTest.GetAllPrograms" name="getallPrograms" time="3.663"/>
  <system-out/>
</testsuite> <!-- programsTest.GetAllPrograms -->
