<?xml version="1.0" encoding="UTF-8"?>
<!-- Generated by org.testng.reporters.JUnitReportReporter -->
<testsuite hostname="LAPTOP-O04QCH21" failures="0" tests="1" name="restAssuredTest.Get" time="2.322" errors="0" timestamp="2023-01-13T08:48:21 EST" skipped="0">
  <testcase classname="restAssuredTest.Get" name="getallPrograms" time="2.322"/>
  <system-out/>
</testsuite> <!-- restAssuredTest.Get -->
