<?xml version="1.0" encoding="UTF-8"?>
<!-- Generated by org.testng.reporters.JUnitReportReporter -->
<testsuite hostname="LAPTOP-O04QCH21" failures="0" tests="1" name="programsTest.Post" time="3.465" errors="0" timestamp="2023-01-16T11:37:33 EST" skipped="0">
  <testcase classname="programsTest.Post" name="postAPIRequest" time="3.465"/>
  <system-out/>
</testsuite> <!-- programsTest.Post -->
