<?xml version="1.0" encoding="UTF-8"?>
<!-- Generated by org.testng.reporters.JUnitReportReporter -->
<testsuite hostname="LAPTOP-O04QCH21" failures="0" tests="1" name="batchTest.PostBatchID" time="2.069" errors="0" timestamp="2023-01-16T11:43:51 EST" skipped="0">
  <testcase classname="batchTest.PostBatchID" name="sampleTest" time="2.069"/>
  <system-out/>
</testsuite> <!-- batchTest.PostBatchID -->
