<?xml version="1.0" encoding="UTF-8"?>
<!-- Generated by org.testng.reporters.JUnitReportReporter -->
<testsuite hostname="LAPTOP-O04QCH21" failures="0" tests="1" name="restAssuredTest.Get_Request" time="1.982" errors="0" timestamp="2023-01-11T16:43:32 EST" skipped="0">
  <testcase classname="restAssuredTest.Get_Request" name="get" time="1.982"/>
  <system-out/>
</testsuite> <!-- restAssuredTest.Get_Request -->
