<?xml version="1.0" encoding="UTF-8"?>
<!-- Generated by org.testng.reporters.JUnitReportReporter -->
<testsuite hostname="LAPTOP-O04QCH21" failures="0" tests="1" name="programsTest.DeleteProgramByName" time="3.858" errors="0" timestamp="2023-01-13T11:14:10 EST" skipped="0">
  <testcase classname="programsTest.DeleteProgramByName" name="deletebyNameRequest" time="3.858"/>
  <system-out/>
</testsuite> <!-- programsTest.DeleteProgramByName -->
